
03/05/2017 04:17:07 AM INFO:Starting application: version 7.0
03/05/2017 04:17:07 AM INFO:Connecting to https://chaturbate.com/auth/login/
03/05/2017 04:17:09 AM INFO:Redirecting to https://chaturbate.com/followed-cams/
03/05/2017 04:17:10 AM INFO:[Models_list] 0 models are online: []
03/05/2017 04:17:10 AM INFO:[Select_models] Which models are approved?
03/05/2017 04:17:10 AM WARNING:[Select_models]  No models for approving
03/05/2017 04:17:10 AM INFO:Waiting for 45 seconds
03/05/2017 04:17:31 AM INFO:Starting application: version 7.0
03/05/2017 04:17:31 AM INFO:Connecting to https://chaturbate.com/auth/login/
03/05/2017 04:17:33 AM INFO:Redirecting to https://chaturbate.com/followed-cams/
03/05/2017 04:17:35 AM INFO:[Models_list] 0 models are online: []
03/05/2017 04:17:35 AM INFO:[Select_models] Which models are approved?
03/05/2017 04:17:35 AM WARNING:[Select_models]  No models for approving
03/05/2017 04:17:35 AM INFO:Waiting for 45 seconds
03/05/2017 04:18:20 AM INFO:Connecting to https://chaturbate.com/auth/login/
03/05/2017 04:18:22 AM INFO:0 Models in the list before checking: []
03/05/2017 04:18:22 AM INFO:Redirecting to https://chaturbate.com/followed-cams/
03/05/2017 04:18:22 AM INFO:[Models_list] 0 models are online: []
03/05/2017 04:18:22 AM INFO:[Compare_lists] Checking model list:
03/05/2017 04:18:22 AM INFO:[Select_models] Which models are approved?
03/05/2017 04:18:22 AM WARNING:[Select_models]  No models for approving
03/05/2017 04:18:22 AM INFO:[Loop]Model list after check looks like: 0 models:
 [] 
 and models currently being recorded are:
 []
03/05/2017 04:18:22 AM INFO:[Sleep] Waiting for next check (45 seconds)
03/05/2017 04:19:07 AM INFO:Connecting to https://chaturbate.com/auth/login/
03/05/2017 04:19:10 AM INFO:0 Models in the list before checking: []
03/05/2017 04:19:10 AM INFO:Redirecting to https://chaturbate.com/followed-cams/
03/05/2017 04:19:10 AM INFO:[Models_list] 1 models are online: [thenewcomers (couple)]
03/05/2017 04:19:10 AM INFO:[Compare_lists] Checking model list:
03/05/2017 04:19:10 AM INFO:[Select_models] Which models are approved?
03/05/2017 04:19:10 AM INFO:[Select_models] thenewcomers is approved
03/05/2017 04:19:10 AM INFO:Starting recording of thenewcomers
03/05/2017 04:19:10 AM INFO:creating directory Captured/thenewcomers
03/05/2017 04:19:11 AM INFO:[Loop]Model list after check looks like: 1 models:
 [thenewcomers (couple)] 
 and models currently being recorded are:
 [thenewcomers (couple)]
03/05/2017 04:19:11 AM INFO:[Sleep] Waiting for next check (45 seconds)
03/05/2017 04:19:13 AM INFO:No stream on thenewcomers
03/05/2017 04:19:56 AM INFO:Connecting to https://chaturbate.com/auth/login/
03/05/2017 04:19:58 AM INFO:1 Models in the list before checking: [thenewcomers (couple)]
03/05/2017 04:19:58 AM INFO:Redirecting to https://chaturbate.com/followed-cams/
03/05/2017 04:19:59 AM INFO:[Models_list] 2 models are online: [thenewcomers (couple), wildzinko (couple)]
03/05/2017 04:19:59 AM INFO:[Compare_lists] Checking model list:
03/05/2017 04:19:59 AM INFO:[Select_models] Which models are approved?
03/05/2017 04:19:59 AM INFO:[Select_models] thenewcomers is approved
03/05/2017 04:19:59 AM INFO:Starting recording of thenewcomers
03/05/2017 04:20:00 AM INFO:[Loop]Model list after check looks like: 2 models:
 [thenewcomers (couple), wildzinko (couple)] 
 and models currently being recorded are:
 [thenewcomers (couple)]
03/05/2017 04:20:00 AM INFO:[Sleep] Waiting for next check (45 seconds)
03/05/2017 04:20:02 AM INFO:No stream on thenewcomers
03/05/2017 04:20:45 AM INFO:Connecting to https://chaturbate.com/auth/login/
03/05/2017 04:20:48 AM INFO:2 Models in the list before checking: [thenewcomers (couple), wildzinko (couple)]
03/05/2017 04:20:48 AM INFO:Redirecting to https://chaturbate.com/followed-cams/
03/05/2017 04:20:48 AM INFO:[Models_list] 2 models are online: [thenewcomers (couple), wildzinko (couple)]
03/05/2017 04:20:48 AM INFO:[Compare_lists] Checking model list:
03/05/2017 04:20:48 AM INFO:[Select_models] Which models are approved?
03/05/2017 04:20:48 AM INFO:[Select_models] thenewcomers is approved
03/05/2017 04:20:48 AM INFO:Starting recording of thenewcomers
03/05/2017 04:20:49 AM INFO:[Loop]Model list after check looks like: 2 models:
 [thenewcomers (couple), wildzinko (couple)] 
 and models currently being recorded are:
 [thenewcomers (couple)]
03/05/2017 04:20:49 AM INFO:[Sleep] Waiting for next check (45 seconds)
03/05/2017 04:20:51 AM INFO:No stream on thenewcomers
03/05/2017 04:38:07 AM INFO:Starting application: version 7.0
03/05/2017 04:38:07 AM INFO:Connecting to https://chaturbate.com/auth/login/
03/05/2017 04:38:09 AM INFO:Redirecting to https://chaturbate.com/followed-cams/
03/05/2017 04:38:09 AM INFO:[Models_list] 2 models are online: [thenewcomers (couple), wildzinko (couple)]
03/05/2017 04:38:09 AM INFO:[Select_models] Which models are approved?
03/05/2017 04:38:09 AM INFO:[Select_models] thenewcomers is approved
03/05/2017 04:38:09 AM INFO:Starting recording of thenewcomers
03/05/2017 04:38:10 AM INFO:Waiting for 45 seconds
03/05/2017 04:38:55 AM INFO:Connecting to https://chaturbate.com/auth/login/
03/05/2017 04:38:58 AM INFO:2 Models in the list before checking: [thenewcomers (couple), wildzinko (couple)]
03/05/2017 04:38:58 AM INFO:Redirecting to https://chaturbate.com/followed-cams/
03/05/2017 04:38:59 AM INFO:[Models_list] 2 models are online: [thenewcomers (couple), wildzinko (couple)]
03/05/2017 04:38:59 AM INFO:[Compare_lists] Checking model list:
03/05/2017 04:38:59 AM INFO:[Compare_lists] thenewcomers is still being recorded
03/05/2017 04:38:59 AM INFO:[Select_models] Which models are approved?
03/05/2017 04:38:59 AM WARNING:[Select_models]  No models for approving
03/05/2017 04:38:59 AM INFO:[Loop]Model list after check looks like: 1 models:
 [wildzinko (couple)] 
 and models currently being recorded are:
 [thenewcomers (couple)]
03/05/2017 04:38:59 AM INFO:[Sleep] Waiting for next check (45 seconds)
03/05/2017 04:43:05 AM INFO:Starting application: version 7.0
03/05/2017 04:43:05 AM INFO:Connecting to https://chaturbate.com/auth/login/
03/05/2017 04:43:07 AM INFO:Redirecting to https://chaturbate.com/followed-cams/
03/05/2017 04:43:07 AM INFO:[Models_list] 2 models are online: [thenewcomers (couple), wildzinko (couple)]
03/05/2017 04:43:07 AM INFO:[Select_models] Which models are approved?
03/05/2017 04:43:07 AM INFO:[Select_models] thenewcomers is approved
03/05/2017 04:43:07 AM INFO:Starting recording of thenewcomers
03/05/2017 04:43:07 AM INFO:creating directory /var/www/html/chaturbate/records/thenewcomers
03/05/2017 04:43:08 AM INFO:Waiting for 45 seconds
03/05/2017 04:43:54 AM INFO:Connecting to https://chaturbate.com/auth/login/
03/05/2017 04:43:56 AM INFO:2 Models in the list before checking: [thenewcomers (couple), wildzinko (couple)]
03/05/2017 04:43:56 AM INFO:Redirecting to https://chaturbate.com/followed-cams/
03/05/2017 04:43:57 AM INFO:[Models_list] 2 models are online: [thenewcomers (couple), wildzinko (couple)]
03/05/2017 04:43:57 AM INFO:[Compare_lists] Checking model list:
03/05/2017 04:43:57 AM INFO:[Compare_lists] thenewcomers is still being recorded
03/05/2017 04:43:57 AM INFO:[Select_models] Which models are approved?
03/05/2017 04:43:57 AM WARNING:[Select_models]  No models for approving
03/05/2017 04:43:57 AM INFO:[Loop]Model list after check looks like: 1 models:
 [wildzinko (couple)] 
 and models currently being recorded are:
 [thenewcomers (couple)]
03/05/2017 04:43:57 AM INFO:[Sleep] Waiting for next check (45 seconds)
03/05/2017 04:44:42 AM INFO:Connecting to https://chaturbate.com/auth/login/
03/05/2017 04:44:44 AM INFO:1 Models in the list before checking: [wildzinko (couple)]
03/05/2017 04:44:44 AM INFO:Redirecting to https://chaturbate.com/followed-cams/
03/05/2017 04:44:45 AM INFO:[Models_list] 2 models are online: [thenewcomers (couple), wildzinko (couple)]
03/05/2017 04:44:45 AM INFO:[Compare_lists] Checking model list:
03/05/2017 04:44:45 AM INFO:[Compare_lists] thenewcomers is still being recorded
03/05/2017 04:44:45 AM INFO:[Select_models] Which models are approved?
03/05/2017 04:44:45 AM WARNING:[Select_models]  No models for approving
03/05/2017 04:44:45 AM INFO:[Loop]Model list after check looks like: 1 models:
 [wildzinko (couple)] 
 and models currently being recorded are:
 [thenewcomers (couple)]
03/05/2017 04:44:45 AM INFO:[Sleep] Waiting for next check (45 seconds)
03/05/2017 04:45:30 AM INFO:Connecting to https://chaturbate.com/auth/login/
03/05/2017 04:45:32 AM INFO:1 Models in the list before checking: [wildzinko (couple)]
03/05/2017 04:45:32 AM INFO:Redirecting to https://chaturbate.com/followed-cams/
03/05/2017 04:45:32 AM INFO:[Models_list] 2 models are online: [thenewcomers (couple), wildzinko (couple)]
03/05/2017 04:45:32 AM INFO:[Compare_lists] Checking model list:
03/05/2017 04:45:32 AM INFO:[Compare_lists] thenewcomers is still being recorded
03/05/2017 04:45:32 AM INFO:[Select_models] Which models are approved?
03/05/2017 04:45:32 AM WARNING:[Select_models]  No models for approving
03/05/2017 04:45:32 AM INFO:[Loop]Model list after check looks like: 1 models:
 [wildzinko (couple)] 
 and models currently being recorded are:
 [thenewcomers (couple)]
03/05/2017 04:45:32 AM INFO:[Sleep] Waiting for next check (45 seconds)
03/05/2017 04:45:46 AM INFO:No stream on thenewcomers
03/05/2017 04:46:17 AM INFO:Connecting to https://chaturbate.com/auth/login/
03/05/2017 04:46:19 AM INFO:1 Models in the list before checking: [wildzinko (couple)]
03/05/2017 04:46:19 AM INFO:Redirecting to https://chaturbate.com/followed-cams/
03/05/2017 04:46:20 AM INFO:[Models_list] 2 models are online: [thenewcomers (couple), wildzinko (couple)]
03/05/2017 04:46:20 AM INFO:[Compare_lists] Checking model list:
03/05/2017 04:46:20 AM INFO:[Select_models] Which models are approved?
03/05/2017 04:46:20 AM INFO:[Select_models] thenewcomers is approved
03/05/2017 04:46:20 AM INFO:Starting recording of thenewcomers
03/05/2017 04:46:21 AM INFO:[Loop]Model list after check looks like: 2 models:
 [thenewcomers (couple), wildzinko (couple)] 
 and models currently being recorded are:
 [thenewcomers (couple)]
03/05/2017 04:46:21 AM INFO:[Sleep] Waiting for next check (45 seconds)
03/05/2017 04:46:21 AM INFO:No stream on thenewcomers
03/05/2017 04:47:06 AM INFO:Connecting to https://chaturbate.com/auth/login/
03/05/2017 04:47:08 AM INFO:2 Models in the list before checking: [thenewcomers (couple), wildzinko (couple)]
03/05/2017 04:47:08 AM INFO:Redirecting to https://chaturbate.com/followed-cams/
03/05/2017 04:47:08 AM INFO:[Models_list] 2 models are online: [thenewcomers (couple), wildzinko (couple)]
03/05/2017 04:47:08 AM INFO:[Compare_lists] Checking model list:
03/05/2017 04:47:08 AM INFO:[Select_models] Which models are approved?
03/05/2017 04:47:08 AM INFO:[Select_models] thenewcomers is approved
03/05/2017 04:47:08 AM INFO:Starting recording of thenewcomers
03/05/2017 04:47:09 AM INFO:[Loop]Model list after check looks like: 2 models:
 [thenewcomers (couple), wildzinko (couple)] 
 and models currently being recorded are:
 [thenewcomers (couple)]
03/05/2017 04:47:09 AM INFO:[Sleep] Waiting for next check (45 seconds)
03/05/2017 04:47:10 AM INFO:No stream on thenewcomers
03/05/2017 04:47:55 AM INFO:Connecting to https://chaturbate.com/auth/login/
03/05/2017 04:47:57 AM INFO:2 Models in the list before checking: [thenewcomers (couple), wildzinko (couple)]
03/05/2017 04:47:57 AM INFO:Redirecting to https://chaturbate.com/followed-cams/
03/05/2017 04:47:58 AM INFO:[Models_list] 2 models are online: [thenewcomers (couple), wildzinko (couple)]
03/05/2017 04:47:58 AM INFO:[Compare_lists] Checking model list:
03/05/2017 04:47:58 AM INFO:[Select_models] Which models are approved?
03/05/2017 04:47:58 AM INFO:[Select_models] thenewcomers is approved
03/05/2017 04:47:58 AM INFO:Starting recording of thenewcomers
03/05/2017 04:47:59 AM INFO:[Loop]Model list after check looks like: 2 models:
 [thenewcomers (couple), wildzinko (couple)] 
 and models currently being recorded are:
 [thenewcomers (couple)]
03/05/2017 04:47:59 AM INFO:[Sleep] Waiting for next check (45 seconds)
03/05/2017 04:47:59 AM INFO:No stream on thenewcomers
03/05/2017 04:48:44 AM INFO:Connecting to https://chaturbate.com/auth/login/
03/05/2017 04:48:47 AM INFO:2 Models in the list before checking: [thenewcomers (couple), wildzinko (couple)]
03/05/2017 04:48:47 AM INFO:Redirecting to https://chaturbate.com/followed-cams/
03/05/2017 04:48:48 AM INFO:[Models_list] 2 models are online: [thenewcomers (couple), wildzinko (couple)]
03/05/2017 04:48:48 AM INFO:[Compare_lists] Checking model list:
03/05/2017 04:48:48 AM INFO:[Select_models] Which models are approved?
03/05/2017 04:48:48 AM INFO:[Select_models] thenewcomers is approved
03/05/2017 04:48:48 AM INFO:Starting recording of thenewcomers
03/05/2017 04:48:49 AM INFO:[Loop]Model list after check looks like: 2 models:
 [thenewcomers (couple), wildzinko (couple)] 
 and models currently being recorded are:
 [thenewcomers (couple)]
03/05/2017 04:48:49 AM INFO:[Sleep] Waiting for next check (45 seconds)
03/05/2017 04:48:50 AM INFO:No stream on thenewcomers
03/05/2017 04:49:34 AM INFO:Connecting to https://chaturbate.com/auth/login/
03/05/2017 04:49:36 AM INFO:2 Models in the list before checking: [thenewcomers (couple), wildzinko (couple)]
03/05/2017 04:49:36 AM INFO:Redirecting to https://chaturbate.com/followed-cams/
03/05/2017 04:49:37 AM INFO:[Models_list] 2 models are online: [thenewcomers (couple), wildzinko (couple)]
03/05/2017 04:49:37 AM INFO:[Compare_lists] Checking model list:
03/05/2017 04:49:37 AM INFO:[Select_models] Which models are approved?
03/05/2017 04:49:37 AM INFO:[Select_models] thenewcomers is approved
03/05/2017 04:49:37 AM INFO:Starting recording of thenewcomers
03/05/2017 04:49:38 AM INFO:[Loop]Model list after check looks like: 2 models:
 [thenewcomers (couple), wildzinko (couple)] 
 and models currently being recorded are:
 [thenewcomers (couple)]
03/05/2017 04:49:38 AM INFO:[Sleep] Waiting for next check (45 seconds)
03/05/2017 04:49:38 AM INFO:No stream on thenewcomers
03/05/2017 04:50:23 AM INFO:Connecting to https://chaturbate.com/auth/login/
03/05/2017 04:50:26 AM INFO:2 Models in the list before checking: [thenewcomers (couple), wildzinko (couple)]
03/05/2017 04:50:26 AM INFO:Redirecting to https://chaturbate.com/followed-cams/
03/05/2017 04:50:27 AM INFO:[Models_list] 2 models are online: [thenewcomers (couple), wildzinko (couple)]
03/05/2017 04:50:27 AM INFO:[Compare_lists] Checking model list:
03/05/2017 04:50:27 AM INFO:[Select_models] Which models are approved?
03/05/2017 04:50:27 AM INFO:[Select_models] thenewcomers is approved
03/05/2017 04:50:27 AM INFO:Starting recording of thenewcomers
03/05/2017 04:50:28 AM INFO:[Loop]Model list after check looks like: 2 models:
 [thenewcomers (couple), wildzinko (couple)] 
 and models currently being recorded are:
 [thenewcomers (couple)]
03/05/2017 04:50:28 AM INFO:[Sleep] Waiting for next check (45 seconds)
03/05/2017 04:50:28 AM INFO:No stream on thenewcomers
03/05/2017 04:51:13 AM INFO:Connecting to https://chaturbate.com/auth/login/
03/05/2017 04:51:15 AM INFO:2 Models in the list before checking: [thenewcomers (couple), wildzinko (couple)]
03/05/2017 04:51:15 AM INFO:Redirecting to https://chaturbate.com/followed-cams/
03/05/2017 04:51:15 AM INFO:[Models_list] 2 models are online: [thenewcomers (couple), wildzinko (couple)]
03/05/2017 04:51:16 AM INFO:[Compare_lists] Checking model list:
03/05/2017 04:51:16 AM INFO:[Select_models] Which models are approved?
03/05/2017 04:51:16 AM INFO:[Select_models] thenewcomers is approved
03/05/2017 04:51:16 AM INFO:Starting recording of thenewcomers
03/05/2017 04:51:17 AM INFO:[Loop]Model list after check looks like: 2 models:
 [thenewcomers (couple), wildzinko (couple)] 
 and models currently being recorded are:
 [thenewcomers (couple)]
03/05/2017 04:51:17 AM INFO:[Sleep] Waiting for next check (45 seconds)
03/05/2017 04:51:17 AM INFO:No stream on thenewcomers
03/05/2017 04:52:02 AM INFO:Connecting to https://chaturbate.com/auth/login/
03/05/2017 04:52:04 AM INFO:2 Models in the list before checking: [thenewcomers (couple), wildzinko (couple)]
03/05/2017 04:52:04 AM INFO:Redirecting to https://chaturbate.com/followed-cams/
03/05/2017 04:52:04 AM INFO:[Models_list] 2 models are online: [wildzinko (couple), thenewcomers (couple)]
03/05/2017 04:52:04 AM INFO:[Compare_lists] Checking model list:
03/05/2017 04:52:04 AM INFO:[Select_models] Which models are approved?
03/05/2017 04:52:04 AM INFO:[Select_models] thenewcomers is approved
03/05/2017 04:52:04 AM INFO:Starting recording of thenewcomers
03/05/2017 04:52:05 AM INFO:[Loop]Model list after check looks like: 2 models:
 [wildzinko (couple), thenewcomers (couple)] 
 and models currently being recorded are:
 [thenewcomers (couple)]
03/05/2017 04:52:05 AM INFO:[Sleep] Waiting for next check (45 seconds)
03/05/2017 04:52:06 AM INFO:No stream on thenewcomers
03/05/2017 04:52:50 AM INFO:Connecting to https://chaturbate.com/auth/login/
03/05/2017 04:52:52 AM INFO:2 Models in the list before checking: [wildzinko (couple), thenewcomers (couple)]
03/05/2017 04:52:52 AM INFO:Redirecting to https://chaturbate.com/followed-cams/
03/05/2017 04:52:53 AM INFO:[Models_list] 2 models are online: [wildzinko (couple), thenewcomers (couple)]
03/05/2017 04:52:53 AM INFO:[Compare_lists] Checking model list:
03/05/2017 04:52:53 AM INFO:[Select_models] Which models are approved?
03/05/2017 04:52:53 AM INFO:[Select_models] thenewcomers is approved
03/05/2017 04:52:53 AM INFO:Starting recording of thenewcomers
03/05/2017 04:52:54 AM INFO:[Loop]Model list after check looks like: 2 models:
 [wildzinko (couple), thenewcomers (couple)] 
 and models currently being recorded are:
 [thenewcomers (couple)]
03/05/2017 04:52:54 AM INFO:[Sleep] Waiting for next check (45 seconds)
03/05/2017 04:52:55 AM INFO:No stream on thenewcomers
03/05/2017 04:53:39 AM INFO:Connecting to https://chaturbate.com/auth/login/
03/05/2017 04:53:41 AM INFO:2 Models in the list before checking: [wildzinko (couple), thenewcomers (couple)]
03/05/2017 04:53:41 AM INFO:Redirecting to https://chaturbate.com/followed-cams/
03/05/2017 04:53:41 AM INFO:[Models_list] 2 models are online: [wildzinko (couple), thenewcomers (couple)]
03/05/2017 04:53:41 AM INFO:[Compare_lists] Checking model list:
03/05/2017 04:53:41 AM INFO:[Select_models] Which models are approved?
03/05/2017 04:53:41 AM INFO:[Select_models] thenewcomers is approved
03/05/2017 04:53:41 AM INFO:Starting recording of thenewcomers
03/05/2017 04:53:42 AM INFO:[Loop]Model list after check looks like: 2 models:
 [wildzinko (couple), thenewcomers (couple)] 
 and models currently being recorded are:
 [thenewcomers (couple)]
03/05/2017 04:53:42 AM INFO:[Sleep] Waiting for next check (45 seconds)
03/05/2017 04:53:43 AM INFO:No stream on thenewcomers
03/05/2017 04:54:27 AM INFO:Connecting to https://chaturbate.com/auth/login/
03/05/2017 04:54:29 AM INFO:2 Models in the list before checking: [wildzinko (couple), thenewcomers (couple)]
03/05/2017 04:54:29 AM INFO:Redirecting to https://chaturbate.com/followed-cams/
03/05/2017 04:55:17 AM INFO:Starting application: version 7.0
03/05/2017 04:55:17 AM INFO:Connecting to https://chaturbate.com/auth/login/
03/05/2017 04:55:19 AM INFO:Redirecting to https://chaturbate.com/followed-cams/
03/05/2017 04:55:19 AM INFO:[Models_list] 2 models are online: [wildzinko (couple), thenewcomers (couple)]
03/05/2017 04:55:19 AM INFO:[Select_models] Which models are approved?
03/05/2017 04:55:19 AM INFO:[Select_models] thenewcomers is approved
03/05/2017 04:55:19 AM INFO:Starting recording of thenewcomers
03/05/2017 04:55:20 AM INFO:Waiting for 45 seconds
03/05/2017 04:55:20 AM INFO:No stream on thenewcomers
03/05/2017 04:56:05 AM INFO:Connecting to https://chaturbate.com/auth/login/
03/05/2017 04:56:07 AM INFO:2 Models in the list before checking: [wildzinko (couple), thenewcomers (couple)]
03/05/2017 04:56:07 AM INFO:Redirecting to https://chaturbate.com/followed-cams/
03/05/2017 04:56:07 AM INFO:[Models_list] 2 models are online: [wildzinko (couple), thenewcomers (couple)]
03/05/2017 04:56:07 AM INFO:[Compare_lists] Checking model list:
03/05/2017 04:56:07 AM INFO:[Select_models] Which models are approved?
03/05/2017 04:56:07 AM WARNING:[Select_models]  No models for approving
03/05/2017 04:56:07 AM INFO:[Loop]Model list after check looks like: 2 models:
 [wildzinko (couple), thenewcomers (couple)] 
 and models currently being recorded are:
 []
03/05/2017 04:56:07 AM INFO:[Sleep] Waiting for next check (45 seconds)
03/05/2017 04:56:30 AM INFO:Starting application: version 7.0
03/05/2017 04:56:30 AM INFO:Connecting to https://chaturbate.com/auth/login/
03/05/2017 04:56:32 AM INFO:Redirecting to https://chaturbate.com/followed-cams/
03/05/2017 04:56:32 AM INFO:[Models_list] 2 models are online: [wildzinko (couple), thenewcomers (couple)]
03/05/2017 04:56:32 AM INFO:[Select_models] Which models are approved?
03/05/2017 04:56:32 AM WARNING:[Select_models]  No models for approving
03/05/2017 04:56:32 AM INFO:Starting recording of wildzinko
03/05/2017 04:56:33 AM INFO:Starting recording of thenewcomers
03/05/2017 04:56:34 AM INFO:Waiting for 45 seconds
03/05/2017 04:56:39 AM INFO:No stream on thenewcomers
03/05/2017 04:57:19 AM INFO:Connecting to https://chaturbate.com/auth/login/
03/05/2017 04:57:21 AM INFO:2 Models in the list before checking: [wildzinko (couple), thenewcomers (couple)]
03/05/2017 04:57:21 AM INFO:Redirecting to https://chaturbate.com/followed-cams/
03/05/2017 04:57:22 AM INFO:[Models_list] 2 models are online: [wildzinko (couple), thenewcomers (couple)]
03/05/2017 04:57:22 AM INFO:[Compare_lists] Checking model list:
03/05/2017 04:57:22 AM INFO:[Compare_lists] wildzinko is still being recorded
03/05/2017 04:57:22 AM INFO:[Select_models] Which models are approved?
03/05/2017 04:57:22 AM WARNING:[Select_models]  No models for approving
03/05/2017 04:57:22 AM INFO:[Loop]Model list after check looks like: 1 models:
 [thenewcomers (couple)] 
 and models currently being recorded are:
 [wildzinko (couple)]
03/05/2017 04:57:22 AM INFO:[Sleep] Waiting for next check (45 seconds)
03/05/2017 04:58:07 AM INFO:Connecting to https://chaturbate.com/auth/login/
03/05/2017 04:58:10 AM INFO:1 Models in the list before checking: [thenewcomers (couple)]
03/05/2017 04:58:10 AM INFO:Redirecting to https://chaturbate.com/followed-cams/
03/05/2017 04:58:10 AM INFO:[Models_list] 2 models are online: [wildzinko (couple), thenewcomers (couple)]
03/05/2017 04:58:10 AM INFO:[Compare_lists] Checking model list:
03/05/2017 04:58:10 AM INFO:[Compare_lists] wildzinko is still being recorded
03/05/2017 04:58:10 AM INFO:[Select_models] Which models are approved?
03/05/2017 04:58:10 AM WARNING:[Select_models]  No models for approving
03/05/2017 04:58:10 AM INFO:[Loop]Model list after check looks like: 1 models:
 [thenewcomers (couple)] 
 and models currently being recorded are:
 [wildzinko (couple)]
03/05/2017 04:58:10 AM INFO:[Sleep] Waiting for next check (45 seconds)
03/05/2017 04:58:55 AM INFO:Connecting to https://chaturbate.com/auth/login/
03/05/2017 04:58:57 AM INFO:1 Models in the list before checking: [thenewcomers (couple)]
03/05/2017 04:58:57 AM INFO:Redirecting to https://chaturbate.com/followed-cams/
03/05/2017 04:58:58 AM INFO:[Models_list] 2 models are online: [wildzinko (couple), thenewcomers (couple)]
03/05/2017 04:58:58 AM INFO:[Compare_lists] Checking model list:
03/05/2017 04:58:58 AM INFO:[Compare_lists] wildzinko is still being recorded
03/05/2017 04:58:58 AM INFO:[Select_models] Which models are approved?
03/05/2017 04:58:58 AM WARNING:[Select_models]  No models for approving
03/05/2017 04:58:58 AM INFO:[Loop]Model list after check looks like: 1 models:
 [thenewcomers (couple)] 
 and models currently being recorded are:
 [wildzinko (couple)]
03/05/2017 04:58:58 AM INFO:[Sleep] Waiting for next check (45 seconds)
03/05/2017 04:59:43 AM INFO:Connecting to https://chaturbate.com/auth/login/
03/05/2017 04:59:45 AM INFO:1 Models in the list before checking: [thenewcomers (couple)]
03/05/2017 04:59:45 AM INFO:Redirecting to https://chaturbate.com/followed-cams/
03/05/2017 04:59:46 AM INFO:[Models_list] 2 models are online: [wildzinko (couple), thenewcomers (couple)]
03/05/2017 04:59:46 AM INFO:[Compare_lists] Checking model list:
03/05/2017 04:59:46 AM INFO:[Compare_lists] wildzinko is still being recorded
03/05/2017 04:59:46 AM INFO:[Select_models] Which models are approved?
03/05/2017 04:59:46 AM WARNING:[Select_models]  No models for approving
03/05/2017 04:59:46 AM INFO:[Loop]Model list after check looks like: 1 models:
 [thenewcomers (couple)] 
 and models currently being recorded are:
 [wildzinko (couple)]
03/05/2017 04:59:46 AM INFO:[Sleep] Waiting for next check (45 seconds)
